
Showing logs for build [32mcb-kubecd-environment-pr-1380-6-wpg4k-1[0m stage [32mfrom-build-pack[0m and container [32mstep-credential-initializer-r6dn4[0m
{"level":"warn","ts":1585911142.4859924,"logger":"fallback-logger","caller":"logging/config.go:69","msg":"Fetch GitHub commit ID from kodata failed: \"ref: refs/heads/0.8.0-**-support-backwards-incompats\" is not a valid GitHub commit ID"}
{"level":"info","ts":1585911142.4867547,"logger":"fallback-logger","caller":"creds-init/main.go:40","msg":"Credentials initialized."}

Showing logs for build [32mcb-kubecd-environment-pr-1380-6-wpg4k-1[0m stage [32mfrom-build-pack[0m and container [32mstep-working-dir-initializer-slnvk[0m
{"level":"warn","ts":1585911142.9597104,"logger":"fallback-logger","caller":"logging/config.go:69","msg":"Fetch GitHub commit ID from kodata failed: open /var/run/ko/HEAD: no such file or directory"}
{"level":"info","ts":1585911142.9612365,"logger":"fallback-logger","caller":"bash/main.go:64","msg":"Successfully executed command \"sh -c mkdir -p /workspace/source\"; output "}

Showing logs for build [32mcb-kubecd-environment-pr-1380-6-wpg4k-1[0m stage [32mfrom-build-pack[0m and container [32mstep-place-tools[0m

Showing logs for build [32mcb-kubecd-environment-pr-1380-6-wpg4k-1[0m stage [32mfrom-build-pack[0m and container [32mstep-git-source-cb-kubecd-environment-pr-1380-6-wpg4k-fnqpd[0m
{"level":"warn","ts":1585911147.072231,"logger":"fallback-logger","caller":"logging/config.go:69","msg":"Fetch GitHub commit ID from kodata failed: \"ref: refs/heads/0.8.0-**-support-backwards-incompats\" is not a valid GitHub commit ID"}
{"level":"info","ts":1585911148.1086743,"logger":"fallback-logger","caller":"git/git.go:103","msg":"Successfully cloned https://github.com/cb-kubecd/environment-pr-1380-6-bdd-frontend-staging.git @ master in path /workspace/source"}

Showing logs for build [32mcb-kubecd-environment-pr-1380-6-wpg4k-1[0m stage [32mfrom-build-pack[0m and container [32mstep-git-merge[0m
Using SHAs from PULL_REFS=master:62e85d7949c918f2b98dbcc661aed27e29937bed,1:ce80e5b4710a54d5364e8981ca8eea7280caf8ba
DEBUG: LC_ALL=C JX_LOG_LEVEL=error git fetch origin --unshallow ce80e5b4710a54d5364e8981ca8eea7280caf8ba: 62e85d7949c918f2b98dbcc661aed27e29937bed:
DEBUG: ran git fetch --unshallow origin ce80e5b4710a54d5364e8981ca8eea7280caf8ba: 62e85d7949c918f2b98dbcc661aed27e29937bed: in 
DEBUG: LC_ALL=C JX_LOG_LEVEL=error git branch
DEBUG: LC_ALL=C JX_LOG_LEVEL=error git checkout master
DEBUG: ran git checkout master in 
DEBUG: LC_ALL=C JX_LOG_LEVEL=error git reset --hard 62e85d7949c918f2b98dbcc661aed27e29937bed
DEBUG: ran git reset --hard 62e85d7949c918f2b98dbcc661aed27e29937bed in 
DEBUG: JX_LOG_LEVEL=error LC_ALL=C git clean -fd .
DEBUG: ran clean --force -d . in 
DEBUG: LC_ALL=C JX_LOG_LEVEL=error git merge ce80e5b4710a54d5364e8981ca8eea7280caf8ba
DEBUG: ran git merge ce80e5b4710a54d5364e8981ca8eea7280caf8ba in 
DEBUG: LC_ALL=C JX_LOG_LEVEL=error git log --format=%H%x1f%an%x1f%ae%x1f%cn%x1f%ce%x1f%s%n%b%x1e 62e85d7949c918f2b98dbcc661aed27e29937bed..HEAD
Merged SHA ce80e5b4710a54d5364e8981ca8eea7280caf8ba with commit message 'chore: Promote bdd-nh-1585910218 to version 0.0.1' into base branch master

Showing logs for build [32mcb-kubecd-environment-pr-1380-6-wpg4k-1[0m stage [32mfrom-build-pack[0m and container [32mstep-build-helm-build[0m
WARNING: No $CHART_REPOSITORY defined so using the default value of: http://jenkins-x-chartmuseum:8080
Adding missing Helm repo: storage.googleapis.com https://storage.googleapis.com/chartmuseum.jenkins-x.io
WARNING: No secrets found on "helm/repos" due: reading the secret "helm/repos" from vault: no secret "helm/repos" not found in vault
Read credentials for https://storage.googleapis.com/chartmuseum.jenkins-x.io from vault helm/repos
Successfully added Helm repository storage.googleapis.com.
Adding missing Helm repo: jenkins-x-chartmuseum http://jenkins-x-chartmuseum:8080
WARNING: No secrets found on "helm/repos" due: reading the secret "helm/repos" from vault: no secret "helm/repos" not found in vault
Read credentials for http://jenkins-x-chartmuseum:8080 from vault helm/repos
Successfully added Helm repository jenkins-x-chartmuseum.
WARNING: No $CHART_REPOSITORY defined so using the default value of: http://jenkins-x-chartmuseum:8080
Adding missing Helm repo: chartmuseum.jenkins-x.io http://chartmuseum.jenkins-x.io
WARNING: No secrets found on "helm/repos" due: reading the secret "helm/repos" from vault: no secret "helm/repos" not found in vault
Read credentials for http://chartmuseum.jenkins-x.io from vault helm/repos
Successfully added Helm repository chartmuseum.jenkins-x.io.
